12:42:07 RQ worker 'rq:worker:node35-010.112896' started, version 0.8.1
12:42:07 Cleaning registries for queue: 10
12:42:07 
12:42:07 *** Listening on 10...
12:42:07 RQ worker 'rq:worker:node35-010.112895' started, version 0.8.1
12:42:07 RQ worker 'rq:worker:node35-010.112897' started, version 0.8.1
12:42:07 RQ worker 'rq:worker:node35-010.112898' started, version 0.8.1
12:42:07 Cleaning registries for queue: 10
12:42:07 RQ worker 'rq:worker:node35-010.112899' started, version 0.8.1
12:42:07 RQ worker 'rq:worker:node35-010.112900' started, version 0.8.1
12:42:07 Cleaning registries for queue: 10
12:42:07 Cleaning registries for queue: 10
12:42:07 Cleaning registries for queue: 10
12:42:07 
12:42:07 *** Listening on 10...
12:42:07 Cleaning registries for queue: 10
12:42:07 
12:42:07 
12:42:07 *** Listening on 10...
12:42:07 *** Listening on 10...
12:42:07 
12:42:07 *** Listening on 10...
12:42:07 
12:42:07 *** Listening on 10...
12:42:19 10: RemoteModelLearning.learnModelRemote('zTi', 2.0, branchID=0, growth_generator='two_qubit_ising_rotation_hyperfine_transverse', host_name='node35-010', log_file='/panfs/panasas01/phys/bf16951/QMD/ParallelDevelopment/Results/Oct_01/12_39/logs/NV-exp-method-sim__random-phase--probe__QMLA_10.qmd.8794607.log', port_number=6310, qid=10, remote=True) (2c65ac60-6c0c-434b-9d74-227ce1a2b2e7)
12:42:19 10: RemoteModelLearning.learnModelRemote('yTi', 1.0, branchID=0, growth_generator='two_qubit_ising_rotation_hyperfine_transverse', host_name='node35-010', log_file='/panfs/panasas01/phys/bf16951/QMD/ParallelDevelopment/Results/Oct_01/12_39/logs/NV-exp-method-sim__random-phase--probe__QMLA_10.qmd.8794607.log', port_number=6310, qid=10, remote=True) (b103d227-6531-44ee-a3f1-2d885992334d)
12:42:19 10: RemoteModelLearning.learnModelRemote('xTi', 0.0, branchID=0, growth_generator='two_qubit_ising_rotation_hyperfine_transverse', host_name='node35-010', log_file='/panfs/panasas01/phys/bf16951/QMD/ParallelDevelopment/Results/Oct_01/12_39/logs/NV-exp-method-sim__random-phase--probe__QMLA_10.qmd.8794607.log', port_number=6310, qid=10, remote=True) (272706f6-c460-46a7-bdca-b9fc10f1a3af)
13:09:01 10: Job OK (272706f6-c460-46a7-bdca-b9fc10f1a3af)
13:09:01 Result will never expire, clean up result key manually
13:09:01 
13:09:01 *** Listening on 10...
/cm/shared/languages/Anaconda3-5.0.1-PHYS015202/lib/python3.6/site-packages/qinfer/utils.py:268: ApproximationWarning: Numerical error in covariance estimation causing positive semidefinite violation.
  warnings.warn('Numerical error in covariance estimation causing positive semidefinite violation.', ApproximationWarning)
./QML.py:666: RuntimeWarning: invalid value encountered in sqrt
  np.diag(self.Updater.est_covariance_mtx())
/cm/shared/languages/Anaconda3-5.0.1-PHYS015202/lib/python3.6/site-packages/qinfer/smc.py:429: ApproximationWarning: Negative weights occured in particle approximation. Smallest weight observed == -1.0809917776591516e-10. Clipping weights.
  warnings.warn("Negative weights occured in particle approximation. Smallest weight observed == {}. Clipping weights.".format(np.min(weights)), ApproximationWarning)
/cm/shared/languages/Anaconda3-5.0.1-PHYS015202/lib/python3.6/site-packages/qinfer/resamplers.py:260: ResamplerWarning: Covariance has zero norm; adding in small covariance in resampler. Consider increasing n_particles to improve covariance estimates.
  ResamplerWarning
13:09:22 10: Job OK (b103d227-6531-44ee-a3f1-2d885992334d)
13:09:22 Result will never expire, clean up result key manually
13:09:22 
13:09:22 *** Listening on 10...
13:18:37 10: Job OK (2c65ac60-6c0c-434b-9d74-227ce1a2b2e7)
13:18:37 Result will never expire, clean up result key manually
13:18:37 
13:18:37 *** Listening on 10...
13:18:37 10: RemoteBayesFactor.BayesFactorRemote(bayes_threshold=100, bf_data_folder='/panfs/panasas01/phys/bf16951/QMD/ParallelDevelopment/Results/Oct_01/12_39/BayesFactorsTimeRecords/', branchID=0, host_name='node35-010', interbranch=False, log_file='/panfs/panasas01/phys/bf16951/QMD/ParallelDevelopment/Results/Oct_01/12_39/logs/NV-exp-method-sim__random-phase--probe__QMLA_10.qmd.8794607.log', model_a_id=0, model_b_id=2, num_times_to_use=750, port_number=6310, qid=10, times_record='/panfs/panasas01/phys/bf16951/QMD/ParallelDevelopment/Results/Oct_01/12_39/BayesFactorsTimeRecords/BayesFactorsPairsTimes_010.txt', trueModel='xTiPPyTiPPzTiPPzTz') (cd258711-f0ff-4d74-ab31-eda6c415fb30)
13:18:37 10: RemoteBayesFactor.BayesFactorRemote(bayes_threshold=100, bf_data_folder='/panfs/panasas01/phys/bf16951/QMD/ParallelDevelopment/Results/Oct_01/12_39/BayesFactorsTimeRecords/', branchID=0, host_name='node35-010', interbranch=False, log_file='/panfs/panasas01/phys/bf16951/QMD/ParallelDevelopment/Results/Oct_01/12_39/logs/NV-exp-method-sim__random-phase--probe__QMLA_10.qmd.8794607.log', model_a_id=0, model_b_id=1, num_times_to_use=750, port_number=6310, qid=10, times_record='/panfs/panasas01/phys/bf16951/QMD/ParallelDevelopment/Results/Oct_01/12_39/BayesFactorsTimeRecords/BayesFactorsPairsTimes_010.txt', trueModel='xTiPPyTiPPzTiPPzTz') (1751063f-7e6f-4075-94cc-cb6b80dc3188)
13:18:37 10: RemoteBayesFactor.BayesFactorRemote(bayes_threshold=100, bf_data_folder='/panfs/panasas01/phys/bf16951/QMD/ParallelDevelopment/Results/Oct_01/12_39/BayesFactorsTimeRecords/', branchID=0, host_name='node35-010', interbranch=False, log_file='/panfs/panasas01/phys/bf16951/QMD/ParallelDevelopment/Results/Oct_01/12_39/logs/NV-exp-method-sim__random-phase--probe__QMLA_10.qmd.8794607.log', model_a_id=1, model_b_id=2, num_times_to_use=750, port_number=6310, qid=10, times_record='/panfs/panasas01/phys/bf16951/QMD/ParallelDevelopment/Results/Oct_01/12_39/BayesFactorsTimeRecords/BayesFactorsPairsTimes_010.txt', trueModel='xTiPPyTiPPzTiPPzTz') (ee9cef2d-47fa-484e-ab74-7a220b91ff84)
14:12:12 10: Job OK (1751063f-7e6f-4075-94cc-cb6b80dc3188)
14:12:12 Result will never expire, clean up result key manually
14:12:12 Cleaning registries for queue: 10
14:12:12 
14:12:12 *** Listening on 10...
14:22:02 10: Job OK (cd258711-f0ff-4d74-ab31-eda6c415fb30)
14:22:02 Result will never expire, clean up result key manually
14:22:02 Cleaning registries for queue: 10
14:22:02 
14:22:02 *** Listening on 10...
14:29:16 10: Job OK (ee9cef2d-47fa-484e-ab74-7a220b91ff84)
14:29:16 Result will never expire, clean up result key manually
14:29:16 Cleaning registries for queue: 10
14:29:16 
14:29:16 *** Listening on 10...
14:29:16 10: RemoteModelLearning.learnModelRemote('yTiPPzTi', 3.0, branchID=1, growth_generator='two_qubit_ising_rotation_hyperfine_transverse', host_name='node35-010', log_file='/panfs/panasas01/phys/bf16951/QMD/ParallelDevelopment/Results/Oct_01/12_39/logs/NV-exp-method-sim__random-phase--probe__QMLA_10.qmd.8794607.log', port_number=6310, qid=10, remote=True) (0e7a88b4-e33a-4d29-888b-3bdf42131475)
14:29:16 10: RemoteModelLearning.learnModelRemote('xTiPPzTi', 4.0, branchID=1, growth_generator='two_qubit_ising_rotation_hyperfine_transverse', host_name='node35-010', log_file='/panfs/panasas01/phys/bf16951/QMD/ParallelDevelopment/Results/Oct_01/12_39/logs/NV-exp-method-sim__random-phase--probe__QMLA_10.qmd.8794607.log', port_number=6310, qid=10, remote=True) (77fff718-7fae-4149-b5f4-f0434a73001d)
14:55:04 10: Job OK (77fff718-7fae-4149-b5f4-f0434a73001d)
14:55:04 Result will never expire, clean up result key manually
14:55:04 Cleaning registries for queue: 10
14:55:04 
14:55:04 *** Listening on 10...
14:55:36 10: Job OK (0e7a88b4-e33a-4d29-888b-3bdf42131475)
14:55:36 Result will never expire, clean up result key manually
14:55:36 Cleaning registries for queue: 10
14:55:36 
14:55:36 *** Listening on 10...
14:55:36 10: RemoteBayesFactor.BayesFactorRemote(bayes_threshold=100, bf_data_folder='/panfs/panasas01/phys/bf16951/QMD/ParallelDevelopment/Results/Oct_01/12_39/BayesFactorsTimeRecords/', branchID=1, host_name='node35-010', interbranch=False, log_file='/panfs/panasas01/phys/bf16951/QMD/ParallelDevelopment/Results/Oct_01/12_39/logs/NV-exp-method-sim__random-phase--probe__QMLA_10.qmd.8794607.log', model_a_id=3, model_b_id=4, num_times_to_use=750, port_number=6310, qid=10, times_record='/panfs/panasas01/phys/bf16951/QMD/ParallelDevelopment/Results/Oct_01/12_39/BayesFactorsTimeRecords/BayesFactorsPairsTimes_010.txt', trueModel='xTiPPyTiPPzTiPPzTz') (12bda300-4de8-4f00-abd1-4e56f1dcd21c)
15:47:07 10: Job OK (12bda300-4de8-4f00-abd1-4e56f1dcd21c)
15:47:07 Result will never expire, clean up result key manually
15:47:07 Cleaning registries for queue: 10
15:47:07 
15:47:07 *** Listening on 10...
15:47:08 10: RemoteModelLearning.learnModelRemote('xTiPPyTiPPzTi', 5.0, branchID=2, growth_generator='two_qubit_ising_rotation_hyperfine_transverse', host_name='node35-010', log_file='/panfs/panasas01/phys/bf16951/QMD/ParallelDevelopment/Results/Oct_01/12_39/logs/NV-exp-method-sim__random-phase--probe__QMLA_10.qmd.8794607.log', port_number=6310, qid=10, remote=True) (17dd9cf3-b088-4023-9497-61b20b756933)
16:13:49 10: Job OK (17dd9cf3-b088-4023-9497-61b20b756933)
16:13:49 Result will never expire, clean up result key manually
16:13:49 Cleaning registries for queue: 10
16:13:49 
16:13:49 *** Listening on 10...
16:13:49 10: RemoteModelLearning.learnModelRemote('xTiPPxTxPPyTiPPzTi', 6.0, branchID=3, growth_generator='two_qubit_ising_rotation_hyperfine_transverse', host_name='node35-010', log_file='/panfs/panasas01/phys/bf16951/QMD/ParallelDevelopment/Results/Oct_01/12_39/logs/NV-exp-method-sim__random-phase--probe__QMLA_10.qmd.8794607.log', port_number=6310, qid=10, remote=True) (e4e58436-c9ca-46fb-8573-a37a3b72e5d0)
16:13:49 10: RemoteModelLearning.learnModelRemote('xTiPPyTiPPyTyPPzTi', 7.0, branchID=3, growth_generator='two_qubit_ising_rotation_hyperfine_transverse', host_name='node35-010', log_file='/panfs/panasas01/phys/bf16951/QMD/ParallelDevelopment/Results/Oct_01/12_39/logs/NV-exp-method-sim__random-phase--probe__QMLA_10.qmd.8794607.log', port_number=6310, qid=10, remote=True) (b6d33cab-7e84-4579-ad1e-32d058891c21)
16:13:49 10: RemoteModelLearning.learnModelRemote('xTiPPyTiPPzTiPPzTz', 8.0, branchID=3, growth_generator='two_qubit_ising_rotation_hyperfine_transverse', host_name='node35-010', log_file='/panfs/panasas01/phys/bf16951/QMD/ParallelDevelopment/Results/Oct_01/12_39/logs/NV-exp-method-sim__random-phase--probe__QMLA_10.qmd.8794607.log', port_number=6310, qid=10, remote=True) (ee85113f-f9b4-43fa-8a2f-6153310dcc0a)
16:40:05 10: Job OK (b6d33cab-7e84-4579-ad1e-32d058891c21)
16:40:05 Result will never expire, clean up result key manually
16:40:05 Cleaning registries for queue: 10
16:40:05 
16:40:05 *** Listening on 10...
16:40:07 10: Job OK (e4e58436-c9ca-46fb-8573-a37a3b72e5d0)
16:40:07 Result will never expire, clean up result key manually
16:40:07 
16:40:07 *** Listening on 10...
16:40:25 10: Job OK (ee85113f-f9b4-43fa-8a2f-6153310dcc0a)
16:40:25 Result will never expire, clean up result key manually
16:40:25 Cleaning registries for queue: 10
16:40:25 
16:40:25 *** Listening on 10...
16:40:25 10: RemoteBayesFactor.BayesFactorRemote(bayes_threshold=100, bf_data_folder='/panfs/panasas01/phys/bf16951/QMD/ParallelDevelopment/Results/Oct_01/12_39/BayesFactorsTimeRecords/', branchID=3, host_name='node35-010', interbranch=False, log_file='/panfs/panasas01/phys/bf16951/QMD/ParallelDevelopment/Results/Oct_01/12_39/logs/NV-exp-method-sim__random-phase--probe__QMLA_10.qmd.8794607.log', model_a_id=6, model_b_id=7, num_times_to_use=750, port_number=6310, qid=10, times_record='/panfs/panasas01/phys/bf16951/QMD/ParallelDevelopment/Results/Oct_01/12_39/BayesFactorsTimeRecords/BayesFactorsPairsTimes_010.txt', trueModel='xTiPPyTiPPzTiPPzTz') (497da2e6-8d71-4485-9daa-eeadf9deab21)
16:40:25 10: RemoteBayesFactor.BayesFactorRemote(bayes_threshold=100, bf_data_folder='/panfs/panasas01/phys/bf16951/QMD/ParallelDevelopment/Results/Oct_01/12_39/BayesFactorsTimeRecords/', branchID=3, host_name='node35-010', interbranch=False, log_file='/panfs/panasas01/phys/bf16951/QMD/ParallelDevelopment/Results/Oct_01/12_39/logs/NV-exp-method-sim__random-phase--probe__QMLA_10.qmd.8794607.log', model_a_id=6, model_b_id=8, num_times_to_use=750, port_number=6310, qid=10, times_record='/panfs/panasas01/phys/bf16951/QMD/ParallelDevelopment/Results/Oct_01/12_39/BayesFactorsTimeRecords/BayesFactorsPairsTimes_010.txt', trueModel='xTiPPyTiPPzTiPPzTz') (0fe5e196-69c6-4221-8e82-6c6f878f7ff4)
16:40:25 10: RemoteBayesFactor.BayesFactorRemote(bayes_threshold=100, bf_data_folder='/panfs/panasas01/phys/bf16951/QMD/ParallelDevelopment/Results/Oct_01/12_39/BayesFactorsTimeRecords/', branchID=3, host_name='node35-010', interbranch=False, log_file='/panfs/panasas01/phys/bf16951/QMD/ParallelDevelopment/Results/Oct_01/12_39/logs/NV-exp-method-sim__random-phase--probe__QMLA_10.qmd.8794607.log', model_a_id=7, model_b_id=8, num_times_to_use=750, port_number=6310, qid=10, times_record='/panfs/panasas01/phys/bf16951/QMD/ParallelDevelopment/Results/Oct_01/12_39/BayesFactorsTimeRecords/BayesFactorsPairsTimes_010.txt', trueModel='xTiPPyTiPPzTiPPzTz') (77a58d2b-0bd5-4054-ba31-5f2d63b8f699)
17:31:34 10: Job OK (77a58d2b-0bd5-4054-ba31-5f2d63b8f699)
17:31:34 Result will never expire, clean up result key manually
17:31:34 Cleaning registries for queue: 10
17:31:34 
17:31:34 *** Listening on 10...
17:35:34 10: Job OK (497da2e6-8d71-4485-9daa-eeadf9deab21)
17:35:34 Result will never expire, clean up result key manually
17:35:34 Cleaning registries for queue: 10
17:35:34 
17:35:34 *** Listening on 10...
17:37:42 10: Job OK (0fe5e196-69c6-4221-8e82-6c6f878f7ff4)
17:37:42 Result will never expire, clean up result key manually
17:37:42 Cleaning registries for queue: 10
17:37:42 
17:37:42 *** Listening on 10...
17:37:43 10: RemoteModelLearning.learnModelRemote('xTiPPyTiPPyTyPPzTiPPzTz', 9.0, branchID=4, growth_generator='two_qubit_ising_rotation_hyperfine_transverse', host_name='node35-010', log_file='/panfs/panasas01/phys/bf16951/QMD/ParallelDevelopment/Results/Oct_01/12_39/logs/NV-exp-method-sim__random-phase--probe__QMLA_10.qmd.8794607.log', port_number=6310, qid=10, remote=True) (5c973bc4-87e2-4ba4-840f-32a82b45383f)
17:37:43 10: RemoteModelLearning.learnModelRemote('xTiPPxTxPPyTiPPzTiPPzTz', 10.0, branchID=4, growth_generator='two_qubit_ising_rotation_hyperfine_transverse', host_name='node35-010', log_file='/panfs/panasas01/phys/bf16951/QMD/ParallelDevelopment/Results/Oct_01/12_39/logs/NV-exp-method-sim__random-phase--probe__QMLA_10.qmd.8794607.log', port_number=6310, qid=10, remote=True) (c3613d62-e0e0-4e96-9d30-fb31ce627572)
18:06:14 10: Job OK (5c973bc4-87e2-4ba4-840f-32a82b45383f)
18:06:14 Result will never expire, clean up result key manually
18:06:14 Cleaning registries for queue: 10
18:06:14 
18:06:14 *** Listening on 10...
18:07:13 10: Job OK (c3613d62-e0e0-4e96-9d30-fb31ce627572)
18:07:13 Result will never expire, clean up result key manually
18:07:13 Cleaning registries for queue: 10
18:07:13 
18:07:13 *** Listening on 10...
18:07:13 10: RemoteBayesFactor.BayesFactorRemote(bayes_threshold=100, bf_data_folder='/panfs/panasas01/phys/bf16951/QMD/ParallelDevelopment/Results/Oct_01/12_39/BayesFactorsTimeRecords/', branchID=4, host_name='node35-010', interbranch=False, log_file='/panfs/panasas01/phys/bf16951/QMD/ParallelDevelopment/Results/Oct_01/12_39/logs/NV-exp-method-sim__random-phase--probe__QMLA_10.qmd.8794607.log', model_a_id=9, model_b_id=10, num_times_to_use=750, port_number=6310, qid=10, times_record='/panfs/panasas01/phys/bf16951/QMD/ParallelDevelopment/Results/Oct_01/12_39/BayesFactorsTimeRecords/BayesFactorsPairsTimes_010.txt', trueModel='xTiPPyTiPPzTiPPzTz') (b262fc92-53ab-406a-b5ff-ee4645c74e85)
19:05:43 10: Job OK (b262fc92-53ab-406a-b5ff-ee4645c74e85)
19:05:43 Result will never expire, clean up result key manually
19:05:43 Cleaning registries for queue: 10
19:05:43 
19:05:43 *** Listening on 10...
19:05:43 10: RemoteModelLearning.learnModelRemote('xTiPPxTxPPyTiPPyTyPPzTiPPzTz', 11.0, branchID=5, growth_generator='two_qubit_ising_rotation_hyperfine_transverse', host_name='node35-010', log_file='/panfs/panasas01/phys/bf16951/QMD/ParallelDevelopment/Results/Oct_01/12_39/logs/NV-exp-method-sim__random-phase--probe__QMLA_10.qmd.8794607.log', port_number=6310, qid=10, remote=True) (bbb2cd46-3896-4e3d-9e29-74a8a87d2e56)
19:30:54 10: Job OK (bbb2cd46-3896-4e3d-9e29-74a8a87d2e56)
19:30:54 Result will never expire, clean up result key manually
19:30:54 Cleaning registries for queue: 10
19:30:54 
19:30:54 *** Listening on 10...
19:30:54 10: RemoteModelLearning.learnModelRemote('xTiPPxTxPPxTyPPyTiPPyTyPPzTiPPzTz', 12.0, branchID=6, growth_generator='two_qubit_ising_rotation_hyperfine_transverse', host_name='node35-010', log_file='/panfs/panasas01/phys/bf16951/QMD/ParallelDevelopment/Results/Oct_01/12_39/logs/NV-exp-method-sim__random-phase--probe__QMLA_10.qmd.8794607.log', port_number=6310, qid=10, remote=True) (7861ff4c-bbee-4f49-adfd-7a14d2d03940)
19:30:54 10: RemoteModelLearning.learnModelRemote('xTiPPxTxPPxTzPPyTiPPyTyPPzTiPPzTz', 13.0, branchID=6, growth_generator='two_qubit_ising_rotation_hyperfine_transverse', host_name='node35-010', log_file='/panfs/panasas01/phys/bf16951/QMD/ParallelDevelopment/Results/Oct_01/12_39/logs/NV-exp-method-sim__random-phase--probe__QMLA_10.qmd.8794607.log', port_number=6310, qid=10, remote=True) (d796dc3f-4390-46f9-9cf7-e3d8bd3a4da3)
19:30:54 10: RemoteModelLearning.learnModelRemote('xTiPPxTxPPyTiPPyTyPPyTzPPzTiPPzTz', 14.0, branchID=6, growth_generator='two_qubit_ising_rotation_hyperfine_transverse', host_name='node35-010', log_file='/panfs/panasas01/phys/bf16951/QMD/ParallelDevelopment/Results/Oct_01/12_39/logs/NV-exp-method-sim__random-phase--probe__QMLA_10.qmd.8794607.log', port_number=6310, qid=10, remote=True) (ac170882-bafb-430d-814c-2be1f6a5e186)
19:57:18 10: Job OK (d796dc3f-4390-46f9-9cf7-e3d8bd3a4da3)
19:57:18 Result will never expire, clean up result key manually
19:57:18 Cleaning registries for queue: 10
19:57:18 
19:57:18 *** Listening on 10...
19:57:41 10: Job OK (7861ff4c-bbee-4f49-adfd-7a14d2d03940)
19:57:41 Result will never expire, clean up result key manually
19:57:41 Cleaning registries for queue: 10
19:57:41 
19:57:41 *** Listening on 10...
19:58:07 10: Job OK (ac170882-bafb-430d-814c-2be1f6a5e186)
19:58:07 Result will never expire, clean up result key manually
19:58:07 Cleaning registries for queue: 10
19:58:07 
19:58:07 *** Listening on 10...
19:58:08 10: RemoteBayesFactor.BayesFactorRemote(bayes_threshold=100, bf_data_folder='/panfs/panasas01/phys/bf16951/QMD/ParallelDevelopment/Results/Oct_01/12_39/BayesFactorsTimeRecords/', branchID=6, host_name='node35-010', interbranch=False, log_file='/panfs/panasas01/phys/bf16951/QMD/ParallelDevelopment/Results/Oct_01/12_39/logs/NV-exp-method-sim__random-phase--probe__QMLA_10.qmd.8794607.log', model_a_id=12, model_b_id=14, num_times_to_use=750, port_number=6310, qid=10, times_record='/panfs/panasas01/phys/bf16951/QMD/ParallelDevelopment/Results/Oct_01/12_39/BayesFactorsTimeRecords/BayesFactorsPairsTimes_010.txt', trueModel='xTiPPyTiPPzTiPPzTz') (b5c10a5b-f22a-4b59-9b58-89a3f6113adf)
19:58:08 10: RemoteBayesFactor.BayesFactorRemote(bayes_threshold=100, bf_data_folder='/panfs/panasas01/phys/bf16951/QMD/ParallelDevelopment/Results/Oct_01/12_39/BayesFactorsTimeRecords/', branchID=6, host_name='node35-010', interbranch=False, log_file='/panfs/panasas01/phys/bf16951/QMD/ParallelDevelopment/Results/Oct_01/12_39/logs/NV-exp-method-sim__random-phase--probe__QMLA_10.qmd.8794607.log', model_a_id=12, model_b_id=13, num_times_to_use=750, port_number=6310, qid=10, times_record='/panfs/panasas01/phys/bf16951/QMD/ParallelDevelopment/Results/Oct_01/12_39/BayesFactorsTimeRecords/BayesFactorsPairsTimes_010.txt', trueModel='xTiPPyTiPPzTiPPzTz') (6e69e5eb-384e-4afb-9c22-ce2b32bc41a6)
19:58:08 10: RemoteBayesFactor.BayesFactorRemote(bayes_threshold=100, bf_data_folder='/panfs/panasas01/phys/bf16951/QMD/ParallelDevelopment/Results/Oct_01/12_39/BayesFactorsTimeRecords/', branchID=6, host_name='node35-010', interbranch=False, log_file='/panfs/panasas01/phys/bf16951/QMD/ParallelDevelopment/Results/Oct_01/12_39/logs/NV-exp-method-sim__random-phase--probe__QMLA_10.qmd.8794607.log', model_a_id=13, model_b_id=14, num_times_to_use=750, port_number=6310, qid=10, times_record='/panfs/panasas01/phys/bf16951/QMD/ParallelDevelopment/Results/Oct_01/12_39/BayesFactorsTimeRecords/BayesFactorsPairsTimes_010.txt', trueModel='xTiPPyTiPPzTiPPzTz') (d908b018-8759-4628-af82-32fd66989661)
20:49:32 10: Job OK (b5c10a5b-f22a-4b59-9b58-89a3f6113adf)
20:49:32 Result will never expire, clean up result key manually
20:49:32 Cleaning registries for queue: 10
20:49:32 
20:49:32 *** Listening on 10...
20:50:51 10: Job OK (6e69e5eb-384e-4afb-9c22-ce2b32bc41a6)
20:50:51 Result will never expire, clean up result key manually
20:50:51 Cleaning registries for queue: 10
20:50:51 
20:50:51 *** Listening on 10...
20:51:08 10: Job OK (d908b018-8759-4628-af82-32fd66989661)
20:51:08 Result will never expire, clean up result key manually
20:51:08 Cleaning registries for queue: 10
20:51:08 
20:51:08 *** Listening on 10...
20:51:09 10: RemoteModelLearning.learnModelRemote('xTiPPxTxPPxTyPPyTiPPyTyPPyTzPPzTiPPzTz', 15.0, branchID=7, growth_generator='two_qubit_ising_rotation_hyperfine_transverse', host_name='node35-010', log_file='/panfs/panasas01/phys/bf16951/QMD/ParallelDevelopment/Results/Oct_01/12_39/logs/NV-exp-method-sim__random-phase--probe__QMLA_10.qmd.8794607.log', port_number=6310, qid=10, remote=True) (bd95f085-ec21-40d8-b1f5-1cf78ddeab07)
20:51:09 10: RemoteModelLearning.learnModelRemote('xTiPPxTxPPxTzPPyTiPPyTyPPyTzPPzTiPPzTz', 16.0, branchID=7, growth_generator='two_qubit_ising_rotation_hyperfine_transverse', host_name='node35-010', log_file='/panfs/panasas01/phys/bf16951/QMD/ParallelDevelopment/Results/Oct_01/12_39/logs/NV-exp-method-sim__random-phase--probe__QMLA_10.qmd.8794607.log', port_number=6310, qid=10, remote=True) (12495530-470b-4a3b-8260-9db8496a173d)
21:17:20 10: Job OK (bd95f085-ec21-40d8-b1f5-1cf78ddeab07)
21:17:20 Result will never expire, clean up result key manually
21:17:20 Cleaning registries for queue: 10
21:17:20 
21:17:20 *** Listening on 10...
21:17:37 10: Job OK (12495530-470b-4a3b-8260-9db8496a173d)
21:17:37 Result will never expire, clean up result key manually
21:17:37 Cleaning registries for queue: 10
21:17:37 
21:17:37 *** Listening on 10...
21:17:38 10: RemoteBayesFactor.BayesFactorRemote(bayes_threshold=100, bf_data_folder='/panfs/panasas01/phys/bf16951/QMD/ParallelDevelopment/Results/Oct_01/12_39/BayesFactorsTimeRecords/', branchID=7, host_name='node35-010', interbranch=False, log_file='/panfs/panasas01/phys/bf16951/QMD/ParallelDevelopment/Results/Oct_01/12_39/logs/NV-exp-method-sim__random-phase--probe__QMLA_10.qmd.8794607.log', model_a_id=15, model_b_id=16, num_times_to_use=750, port_number=6310, qid=10, times_record='/panfs/panasas01/phys/bf16951/QMD/ParallelDevelopment/Results/Oct_01/12_39/BayesFactorsTimeRecords/BayesFactorsPairsTimes_010.txt', trueModel='xTiPPyTiPPzTiPPzTz') (e13808c0-8cb9-4e9d-8a77-b44d4fa432b4)
22:08:38 10: Job OK (e13808c0-8cb9-4e9d-8a77-b44d4fa432b4)
22:08:38 Result will never expire, clean up result key manually
22:08:38 Cleaning registries for queue: 10
22:08:38 
22:08:38 *** Listening on 10...
22:08:38 10: RemoteModelLearning.learnModelRemote('xTiPPxTxPPxTyPPxTzPPyTiPPyTyPPyTzPPzTiPPzTz', 17.0, branchID=8, growth_generator='two_qubit_ising_rotation_hyperfine_transverse', host_name='node35-010', log_file='/panfs/panasas01/phys/bf16951/QMD/ParallelDevelopment/Results/Oct_01/12_39/logs/NV-exp-method-sim__random-phase--probe__QMLA_10.qmd.8794607.log', port_number=6310, qid=10, remote=True) (5481e3e6-9438-4586-8ad5-e518f7e71aaf)
22:34:18 10: Job OK (5481e3e6-9438-4586-8ad5-e518f7e71aaf)
22:34:18 Result will never expire, clean up result key manually
22:34:18 Cleaning registries for queue: 10
22:34:18 
22:34:18 *** Listening on 10...
22:34:18 10: RemoteBayesFactor.BayesFactorRemote(bayes_threshold=100, bf_data_folder='/panfs/panasas01/phys/bf16951/QMD/ParallelDevelopment/Results/Oct_01/12_39/BayesFactorsTimeRecords/', branchID=None, host_name='node35-010', interbranch=True, log_file='/panfs/panasas01/phys/bf16951/QMD/ParallelDevelopment/Results/Oct_01/12_39/logs/NV-exp-method-sim__random-phase--probe__QMLA_10.qmd.8794607.log', model_a_id=2, model_b_id=4, num_times_to_use=750, port_number=6310, qid=10, times_record='/panfs/panasas01/phys/bf16951/QMD/ParallelDevelopment/Results/Oct_01/12_39/BayesFactorsTimeRecords/BayesFactorsPairsTimes_010.txt', trueModel='xTiPPyTiPPzTiPPzTz') (0ba6b793-403f-4bb4-b216-ec988bd9a0c1)
22:34:18 10: RemoteBayesFactor.BayesFactorRemote(bayes_threshold=100, bf_data_folder='/panfs/panasas01/phys/bf16951/QMD/ParallelDevelopment/Results/Oct_01/12_39/BayesFactorsTimeRecords/', branchID=None, host_name='node35-010', interbranch=True, log_file='/panfs/panasas01/phys/bf16951/QMD/ParallelDevelopment/Results/Oct_01/12_39/logs/NV-exp-method-sim__random-phase--probe__QMLA_10.qmd.8794607.log', model_a_id=4, model_b_id=5, num_times_to_use=750, port_number=6310, qid=10, times_record='/panfs/panasas01/phys/bf16951/QMD/ParallelDevelopment/Results/Oct_01/12_39/BayesFactorsTimeRecords/BayesFactorsPairsTimes_010.txt', trueModel='xTiPPyTiPPzTiPPzTz') (0c70577d-a501-4848-9d53-485b2963897b)
22:34:18 10: RemoteBayesFactor.BayesFactorRemote(bayes_threshold=100, bf_data_folder='/panfs/panasas01/phys/bf16951/QMD/ParallelDevelopment/Results/Oct_01/12_39/BayesFactorsTimeRecords/', branchID=None, host_name='node35-010', interbranch=True, log_file='/panfs/panasas01/phys/bf16951/QMD/ParallelDevelopment/Results/Oct_01/12_39/logs/NV-exp-method-sim__random-phase--probe__QMLA_10.qmd.8794607.log', model_a_id=5, model_b_id=8, num_times_to_use=750, port_number=6310, qid=10, times_record='/panfs/panasas01/phys/bf16951/QMD/ParallelDevelopment/Results/Oct_01/12_39/BayesFactorsTimeRecords/BayesFactorsPairsTimes_010.txt', trueModel='xTiPPyTiPPzTiPPzTz') (984a96ab-b3d7-4dc0-9009-d7acdba763b3)
22:34:18 10: RemoteBayesFactor.BayesFactorRemote(bayes_threshold=100, bf_data_folder='/panfs/panasas01/phys/bf16951/QMD/ParallelDevelopment/Results/Oct_01/12_39/BayesFactorsTimeRecords/', branchID=None, host_name='node35-010', interbranch=True, log_file='/panfs/panasas01/phys/bf16951/QMD/ParallelDevelopment/Results/Oct_01/12_39/logs/NV-exp-method-sim__random-phase--probe__QMLA_10.qmd.8794607.log', model_a_id=8, model_b_id=10, num_times_to_use=750, port_number=6310, qid=10, times_record='/panfs/panasas01/phys/bf16951/QMD/ParallelDevelopment/Results/Oct_01/12_39/BayesFactorsTimeRecords/BayesFactorsPairsTimes_010.txt', trueModel='xTiPPyTiPPzTiPPzTz') (1aba3e9d-f17d-4a3a-a388-2999a69a97ff)
22:34:18 10: RemoteBayesFactor.BayesFactorRemote(bayes_threshold=100, bf_data_folder='/panfs/panasas01/phys/bf16951/QMD/ParallelDevelopment/Results/Oct_01/12_39/BayesFactorsTimeRecords/', branchID=None, host_name='node35-010', interbranch=True, log_file='/panfs/panasas01/phys/bf16951/QMD/ParallelDevelopment/Results/Oct_01/12_39/logs/NV-exp-method-sim__random-phase--probe__QMLA_10.qmd.8794607.log', model_a_id=10, model_b_id=11, num_times_to_use=750, port_number=6310, qid=10, times_record='/panfs/panasas01/phys/bf16951/QMD/ParallelDevelopment/Results/Oct_01/12_39/BayesFactorsTimeRecords/BayesFactorsPairsTimes_010.txt', trueModel='xTiPPyTiPPzTiPPzTz') (e1ffd483-c3fb-461c-b399-d1beb4a2a829)
22:34:18 10: RemoteBayesFactor.BayesFactorRemote(bayes_threshold=100, bf_data_folder='/panfs/panasas01/phys/bf16951/QMD/ParallelDevelopment/Results/Oct_01/12_39/BayesFactorsTimeRecords/', branchID=None, host_name='node35-010', interbranch=True, log_file='/panfs/panasas01/phys/bf16951/QMD/ParallelDevelopment/Results/Oct_01/12_39/logs/NV-exp-method-sim__random-phase--probe__QMLA_10.qmd.8794607.log', model_a_id=11, model_b_id=14, num_times_to_use=750, port_number=6310, qid=10, times_record='/panfs/panasas01/phys/bf16951/QMD/ParallelDevelopment/Results/Oct_01/12_39/BayesFactorsTimeRecords/BayesFactorsPairsTimes_010.txt', trueModel='xTiPPyTiPPzTiPPzTz') (f44ac2bf-7cc8-4d55-8249-e69df76f52b9)
23:26:06 10: Job OK (e1ffd483-c3fb-461c-b399-d1beb4a2a829)
23:26:06 Result will never expire, clean up result key manually
23:26:06 Cleaning registries for queue: 10
23:26:06 
23:26:06 *** Listening on 10...
23:26:06 10: RemoteBayesFactor.BayesFactorRemote(bayes_threshold=100, bf_data_folder='/panfs/panasas01/phys/bf16951/QMD/ParallelDevelopment/Results/Oct_01/12_39/BayesFactorsTimeRecords/', branchID=None, host_name='node35-010', interbranch=True, log_file='/panfs/panasas01/phys/bf16951/QMD/ParallelDevelopment/Results/Oct_01/12_39/logs/NV-exp-method-sim__random-phase--probe__QMLA_10.qmd.8794607.log', model_a_id=14, model_b_id=15, num_times_to_use=750, port_number=6310, qid=10, times_record='/panfs/panasas01/phys/bf16951/QMD/ParallelDevelopment/Results/Oct_01/12_39/BayesFactorsTimeRecords/BayesFactorsPairsTimes_010.txt', trueModel='xTiPPyTiPPzTiPPzTz') (3438dd88-2167-4b2f-a120-8a0af4babe0e)
23:26:37 10: Job OK (1aba3e9d-f17d-4a3a-a388-2999a69a97ff)
23:26:37 Result will never expire, clean up result key manually
23:26:37 Cleaning registries for queue: 10
23:26:37 
23:26:37 *** Listening on 10...
23:26:37 10: RemoteBayesFactor.BayesFactorRemote(bayes_threshold=100, bf_data_folder='/panfs/panasas01/phys/bf16951/QMD/ParallelDevelopment/Results/Oct_01/12_39/BayesFactorsTimeRecords/', branchID=None, host_name='node35-010', interbranch=True, log_file='/panfs/panasas01/phys/bf16951/QMD/ParallelDevelopment/Results/Oct_01/12_39/logs/NV-exp-method-sim__random-phase--probe__QMLA_10.qmd.8794607.log', model_a_id=15, model_b_id=17, num_times_to_use=750, port_number=6310, qid=10, times_record='/panfs/panasas01/phys/bf16951/QMD/ParallelDevelopment/Results/Oct_01/12_39/BayesFactorsTimeRecords/BayesFactorsPairsTimes_010.txt', trueModel='xTiPPyTiPPzTiPPzTz') (916bf818-55d3-4844-8278-4589af840dc3)
23:27:19 10: Job OK (984a96ab-b3d7-4dc0-9009-d7acdba763b3)
23:27:19 Result will never expire, clean up result key manually
23:27:19 Cleaning registries for queue: 10
23:27:19 
23:27:19 *** Listening on 10...
23:27:59 10: Job OK (0c70577d-a501-4848-9d53-485b2963897b)
23:27:59 Result will never expire, clean up result key manually
23:27:59 Cleaning registries for queue: 10
23:27:59 
23:27:59 *** Listening on 10...
23:28:19 10: Job OK (f44ac2bf-7cc8-4d55-8249-e69df76f52b9)
23:28:19 Result will never expire, clean up result key manually
23:28:20 
23:28:20 *** Listening on 10...
23:38:31 10: Job OK (0ba6b793-403f-4bb4-b216-ec988bd9a0c1)
23:38:31 Result will never expire, clean up result key manually
23:38:31 Cleaning registries for queue: 10
23:38:31 
23:38:31 *** Listening on 10...
00:17:43 10: Job OK (916bf818-55d3-4844-8278-4589af840dc3)
00:17:43 Result will never expire, clean up result key manually
00:17:43 
00:17:43 *** Listening on 10...
00:17:57 10: Job OK (3438dd88-2167-4b2f-a120-8a0af4babe0e)
00:17:57 Result will never expire, clean up result key manually
00:17:57 
00:17:57 *** Listening on 10...
00:17:58 10: RemoteBayesFactor.BayesFactorRemote(bayes_threshold=100, bf_data_folder='/panfs/panasas01/phys/bf16951/QMD/ParallelDevelopment/Results/Oct_01/12_39/BayesFactorsTimeRecords/', branchID=9, host_name='node35-010', interbranch=False, log_file='/panfs/panasas01/phys/bf16951/QMD/ParallelDevelopment/Results/Oct_01/12_39/logs/NV-exp-method-sim__random-phase--probe__QMLA_10.qmd.8794607.log', model_a_id=8.0, model_b_id=14.0, num_times_to_use=750, port_number=6310, qid=10, times_record='/panfs/panasas01/phys/bf16951/QMD/ParallelDevelopment/Results/Oct_01/12_39/BayesFactorsTimeRecords/BayesFactorsPairsTimes_010.txt', trueModel='xTiPPyTiPPzTiPPzTz') (50dd8c8e-6ebb-41ee-8d4a-ad00e1044c5d)
00:17:58 10: RemoteBayesFactor.BayesFactorRemote(bayes_threshold=100, bf_data_folder='/panfs/panasas01/phys/bf16951/QMD/ParallelDevelopment/Results/Oct_01/12_39/BayesFactorsTimeRecords/', branchID=9, host_name='node35-010', interbranch=False, log_file='/panfs/panasas01/phys/bf16951/QMD/ParallelDevelopment/Results/Oct_01/12_39/logs/NV-exp-method-sim__random-phase--probe__QMLA_10.qmd.8794607.log', model_a_id=8.0, model_b_id=4.0, num_times_to_use=750, port_number=6310, qid=10, times_record='/panfs/panasas01/phys/bf16951/QMD/ParallelDevelopment/Results/Oct_01/12_39/BayesFactorsTimeRecords/BayesFactorsPairsTimes_010.txt', trueModel='xTiPPyTiPPzTiPPzTz') (eddccf7f-c8e3-4f99-96ee-b31c2660f4f2)
00:17:58 10: RemoteBayesFactor.BayesFactorRemote(bayes_threshold=100, bf_data_folder='/panfs/panasas01/phys/bf16951/QMD/ParallelDevelopment/Results/Oct_01/12_39/BayesFactorsTimeRecords/', branchID=9, host_name='node35-010', interbranch=False, log_file='/panfs/panasas01/phys/bf16951/QMD/ParallelDevelopment/Results/Oct_01/12_39/logs/NV-exp-method-sim__random-phase--probe__QMLA_10.qmd.8794607.log', model_a_id=8.0, model_b_id=17.0, num_times_to_use=750, port_number=6310, qid=10, times_record='/panfs/panasas01/phys/bf16951/QMD/ParallelDevelopment/Results/Oct_01/12_39/BayesFactorsTimeRecords/BayesFactorsPairsTimes_010.txt', trueModel='xTiPPyTiPPzTiPPzTz') (f9d27424-8bd7-47c7-b5ee-0cf52f4982eb)
00:17:58 10: RemoteBayesFactor.BayesFactorRemote(bayes_threshold=100, bf_data_folder='/panfs/panasas01/phys/bf16951/QMD/ParallelDevelopment/Results/Oct_01/12_39/BayesFactorsTimeRecords/', branchID=9, host_name='node35-010', interbranch=False, log_file='/panfs/panasas01/phys/bf16951/QMD/ParallelDevelopment/Results/Oct_01/12_39/logs/NV-exp-method-sim__random-phase--probe__QMLA_10.qmd.8794607.log', model_a_id=14.0, model_b_id=10.0, num_times_to_use=750, port_number=6310, qid=10, times_record='/panfs/panasas01/phys/bf16951/QMD/ParallelDevelopment/Results/Oct_01/12_39/BayesFactorsTimeRecords/BayesFactorsPairsTimes_010.txt', trueModel='xTiPPyTiPPzTiPPzTz') (efd48e6c-7aa9-41a9-91c7-89be904bfd03)
00:17:58 10: RemoteBayesFactor.BayesFactorRemote(bayes_threshold=100, bf_data_folder='/panfs/panasas01/phys/bf16951/QMD/ParallelDevelopment/Results/Oct_01/12_39/BayesFactorsTimeRecords/', branchID=9, host_name='node35-010', interbranch=False, log_file='/panfs/panasas01/phys/bf16951/QMD/ParallelDevelopment/Results/Oct_01/12_39/logs/NV-exp-method-sim__random-phase--probe__QMLA_10.qmd.8794607.log', model_a_id=14.0, model_b_id=4.0, num_times_to_use=750, port_number=6310, qid=10, times_record='/panfs/panasas01/phys/bf16951/QMD/ParallelDevelopment/Results/Oct_01/12_39/BayesFactorsTimeRecords/BayesFactorsPairsTimes_010.txt', trueModel='xTiPPyTiPPzTiPPzTz') (41e9dc05-932b-4142-adab-8b14093bd252)
00:17:58 10: RemoteBayesFactor.BayesFactorRemote(bayes_threshold=100, bf_data_folder='/panfs/panasas01/phys/bf16951/QMD/ParallelDevelopment/Results/Oct_01/12_39/BayesFactorsTimeRecords/', branchID=9, host_name='node35-010', interbranch=False, log_file='/panfs/panasas01/phys/bf16951/QMD/ParallelDevelopment/Results/Oct_01/12_39/logs/NV-exp-method-sim__random-phase--probe__QMLA_10.qmd.8794607.log', model_a_id=14.0, model_b_id=17.0, num_times_to_use=750, port_number=6310, qid=10, times_record='/panfs/panasas01/phys/bf16951/QMD/ParallelDevelopment/Results/Oct_01/12_39/BayesFactorsTimeRecords/BayesFactorsPairsTimes_010.txt', trueModel='xTiPPyTiPPzTiPPzTz') (57514705-1ad7-4a0b-9833-4039dd7c2baa)
01:09:47 10: Job OK (57514705-1ad7-4a0b-9833-4039dd7c2baa)
01:09:47 Result will never expire, clean up result key manually
01:09:47 Cleaning registries for queue: 10
01:09:47 
01:09:47 *** Listening on 10...
01:09:47 10: RemoteBayesFactor.BayesFactorRemote(bayes_threshold=100, bf_data_folder='/panfs/panasas01/phys/bf16951/QMD/ParallelDevelopment/Results/Oct_01/12_39/BayesFactorsTimeRecords/', branchID=9, host_name='node35-010', interbranch=False, log_file='/panfs/panasas01/phys/bf16951/QMD/ParallelDevelopment/Results/Oct_01/12_39/logs/NV-exp-method-sim__random-phase--probe__QMLA_10.qmd.8794607.log', model_a_id=10.0, model_b_id=4.0, num_times_to_use=750, port_number=6310, qid=10, times_record='/panfs/panasas01/phys/bf16951/QMD/ParallelDevelopment/Results/Oct_01/12_39/BayesFactorsTimeRecords/BayesFactorsPairsTimes_010.txt', trueModel='xTiPPyTiPPzTiPPzTz') (158a23b9-55ea-4caa-abbc-a686127905f9)
01:10:16 10: Job OK (f9d27424-8bd7-47c7-b5ee-0cf52f4982eb)
01:10:16 Result will never expire, clean up result key manually
01:10:16 Cleaning registries for queue: 10
01:10:16 
01:10:16 *** Listening on 10...
01:10:16 10: RemoteBayesFactor.BayesFactorRemote(bayes_threshold=100, bf_data_folder='/panfs/panasas01/phys/bf16951/QMD/ParallelDevelopment/Results/Oct_01/12_39/BayesFactorsTimeRecords/', branchID=9, host_name='node35-010', interbranch=False, log_file='/panfs/panasas01/phys/bf16951/QMD/ParallelDevelopment/Results/Oct_01/12_39/logs/NV-exp-method-sim__random-phase--probe__QMLA_10.qmd.8794607.log', model_a_id=10.0, model_b_id=17.0, num_times_to_use=750, port_number=6310, qid=10, times_record='/panfs/panasas01/phys/bf16951/QMD/ParallelDevelopment/Results/Oct_01/12_39/BayesFactorsTimeRecords/BayesFactorsPairsTimes_010.txt', trueModel='xTiPPyTiPPzTiPPzTz') (26a42cd5-031d-4e78-8561-5300739620e7)
01:10:19 10: Job OK (efd48e6c-7aa9-41a9-91c7-89be904bfd03)
01:10:19 Result will never expire, clean up result key manually
01:10:19 Cleaning registries for queue: 10
01:10:19 
01:10:19 *** Listening on 10...
01:10:19 10: RemoteBayesFactor.BayesFactorRemote(bayes_threshold=100, bf_data_folder='/panfs/panasas01/phys/bf16951/QMD/ParallelDevelopment/Results/Oct_01/12_39/BayesFactorsTimeRecords/', branchID=9, host_name='node35-010', interbranch=False, log_file='/panfs/panasas01/phys/bf16951/QMD/ParallelDevelopment/Results/Oct_01/12_39/logs/NV-exp-method-sim__random-phase--probe__QMLA_10.qmd.8794607.log', model_a_id=4.0, model_b_id=17.0, num_times_to_use=750, port_number=6310, qid=10, times_record='/panfs/panasas01/phys/bf16951/QMD/ParallelDevelopment/Results/Oct_01/12_39/BayesFactorsTimeRecords/BayesFactorsPairsTimes_010.txt', trueModel='xTiPPyTiPPzTiPPzTz') (d310eeef-c4c0-4c0a-9193-de67ed6b22e9)
01:10:25 10: Job OK (eddccf7f-c8e3-4f99-96ee-b31c2660f4f2)
01:10:25 Result will never expire, clean up result key manually
01:10:25 Cleaning registries for queue: 10
01:10:25 
01:10:25 *** Listening on 10...
01:10:31 10: Job OK (41e9dc05-932b-4142-adab-8b14093bd252)
01:10:31 Result will never expire, clean up result key manually
01:10:31 Cleaning registries for queue: 10
01:10:31 
01:10:31 *** Listening on 10...
01:11:33 10: Job OK (50dd8c8e-6ebb-41ee-8d4a-ad00e1044c5d)
01:11:33 Result will never expire, clean up result key manually
01:11:33 Cleaning registries for queue: 10
01:11:33 
01:11:33 *** Listening on 10...
02:02:06 10: Job OK (26a42cd5-031d-4e78-8561-5300739620e7)
02:02:06 Result will never expire, clean up result key manually
02:02:06 
02:02:06 *** Listening on 10...
02:02:07 10: Job OK (158a23b9-55ea-4caa-abbc-a686127905f9)
02:02:07 Result will never expire, clean up result key manually
02:02:07 
02:02:07 *** Listening on 10...
02:02:11 10: Job OK (d310eeef-c4c0-4c0a-9193-de67ed6b22e9)
02:02:11 Result will never expire, clean up result key manually
02:02:11 
02:02:11 *** Listening on 10...
02:02:12 10: RemoteBayesFactor.BayesFactorRemote(bayes_threshold=100, bf_data_folder='/panfs/panasas01/phys/bf16951/QMD/ParallelDevelopment/Results/Oct_01/12_39/BayesFactorsTimeRecords/', branchID=None, host_name='node35-010', interbranch=True, log_file='/panfs/panasas01/phys/bf16951/QMD/ParallelDevelopment/Results/Oct_01/12_39/logs/NV-exp-method-sim__random-phase--probe__QMLA_10.qmd.8794607.log', model_a_id=14, model_b_id=18, num_times_to_use=750, port_number=6310, qid=10, times_record='/panfs/panasas01/phys/bf16951/QMD/ParallelDevelopment/Results/Oct_01/12_39/BayesFactorsTimeRecords/BayesFactorsPairsTimes_010.txt', trueModel='xTiPPyTiPPzTiPPzTz') (336cfd82-3e1b-461a-a6db-2a1d38eba3fe)
02:53:31 10: Job OK (336cfd82-3e1b-461a-a6db-2a1d38eba3fe)
02:53:31 Result will never expire, clean up result key manually
02:53:32 Cleaning registries for queue: 10
02:53:33 
02:53:33 *** Listening on 10...
Error 111 connecting to node35-010:6310. Connection refused.
Error 111 connecting to node35-010:6310. Connection refused.
Error 111 connecting to node35-010:6310. Connection refused.
Error 111 connecting to node35-010:6310. Connection refused.
02:54:03 Warm shut down requested
02:54:03 Warm shut down requested
Error 111 connecting to node35-010:6310. Connection refused.
Traceback (most recent call last):
  File "/cm/shared/languages/Anaconda3-5.0.1-PHYS015202/lib/python3.6/site-packages/redis/connection.py", line 177, in _read_from_socket
    raise socket.error(SERVER_CLOSED_CONNECTION_ERROR)
OSError: Connection closed by server.

During handling of the above exception, another exception occurred:

Traceback (most recent call last):
  File "/cm/shared/languages/Anaconda3-5.0.1-PHYS015202/lib/python3.6/site-packages/redis/client.py", line 668, in execute_command
    return self.parse_response(connection, command_name, **options)
  File "/cm/shared/languages/Anaconda3-5.0.1-PHYS015202/lib/python3.6/site-packages/redis/client.py", line 680, in parse_response
    response = connection.read_response()
  File "/cm/shared/languages/Anaconda3-5.0.1-PHYS015202/lib/python3.6/site-packages/redis/connection.py", line 624, in read_response
    response = self._parser.read_response()
  File "/cm/shared/languages/Anaconda3-5.0.1-PHYS015202/lib/python3.6/site-packages/redis/connection.py", line 284, in read_response
    response = self._buffer.readline()
  File "/cm/shared/languages/Anaconda3-5.0.1-PHYS015202/lib/python3.6/site-packages/redis/connection.py", line 216, in readline
    self._read_from_socket()
  File "/cm/shared/languages/Anaconda3-5.0.1-PHYS015202/lib/python3.6/site-packages/redis/connection.py", line 191, in _read_from_socket
    (e.args,))
redis.exceptions.ConnectionError: Error while reading from socket: ('Connection closed by server.',)

During handling of the above exception, another exception occurred:

Traceback (most recent call last):
  File "/cm/shared/languages/Anaconda3-5.0.1-PHYS015202/lib/python3.6/site-packages/redis/connection.py", line 484, in connect
    sock = self._connect()
  File "/cm/shared/languages/Anaconda3-5.0.1-PHYS015202/lib/python3.6/site-packages/redis/connection.py", line 541, in _connect
    raise err
  File "/cm/shared/languages/Anaconda3-5.0.1-PHYS015202/lib/python3.6/site-packages/redis/connection.py", line 529, in _connect
    sock.connect(socket_address)
ConnectionRefusedError: [Errno 111] Connection refused

During handling of the above exception, another exception occurred:

Traceback (most recent call last):
  File "/cm/shared/languages/Anaconda3-5.0.1-PHYS015202/lib/python3.6/site-packages/rq/worker.py", line 467, in work
    result = self.dequeue_job_and_maintain_ttl(timeout)
  File "/cm/shared/languages/Anaconda3-5.0.1-PHYS015202/lib/python3.6/site-packages/rq/worker.py", line 501, in dequeue_job_and_maintain_ttl
    job_class=self.job_class)
  File "/cm/shared/languages/Anaconda3-5.0.1-PHYS015202/lib/python3.6/site-packages/rq/queue.py", line 437, in dequeue_any
    result = cls.lpop(queue_keys, timeout, connection=connection)
  File "/cm/shared/languages/Anaconda3-5.0.1-PHYS015202/lib/python3.6/site-packages/rq/queue.py", line 387, in lpop
    result = connection.blpop(queue_keys, timeout)
  File "/cm/shared/languages/Anaconda3-5.0.1-PHYS015202/lib/python3.6/site-packages/redis/client.py", line 1269, in blpop
    return self.execute_command('BLPOP', *keys)
  File "/cm/shared/languages/Anaconda3-5.0.1-PHYS015202/lib/python3.6/site-packages/redis/client.py", line 673, in execute_command
    connection.send_command(*args)
  File "/cm/shared/languages/Anaconda3-5.0.1-PHYS015202/lib/python3.6/site-packages/redis/connection.py", line 610, in send_command
    self.send_packed_command(self.pack_command(*args))
  File "/cm/shared/languages/Anaconda3-5.0.1-PHYS015202/lib/python3.6/site-packages/redis/connection.py", line 585, in send_packed_command
    self.connect()
  File "/cm/shared/languages/Anaconda3-5.0.1-PHYS015202/lib/python3.6/site-packages/redis/connection.py", line 489, in connect
    raise ConnectionError(self._error_message(e))
redis.exceptions.ConnectionError: Error 111 connecting to node35-010:6310. Connection refused.

During handling of the above exception, another exception occurred:

Traceback (most recent call last):
  File "/cm/shared/languages/Anaconda3-5.0.1-PHYS015202/lib/python3.6/site-packages/redis/connection.py", line 484, in connect
    sock = self._connect()
  File "/cm/shared/languages/Anaconda3-5.0.1-PHYS015202/lib/python3.6/site-packages/redis/connection.py", line 541, in _connect
    raise err
  File "/cm/shared/languages/Anaconda3-5.0.1-PHYS015202/lib/python3.6/site-packages/redis/connection.py", line 529, in _connect
    sock.connect(socket_address)
ConnectionRefusedError: [Errno 111] Connection refused

During handling of the above exception, another exception occurred:

Traceback (most recent call last):
  File "/cm/shared/languages/Anaconda3-5.0.1-PHYS015202/lib/python3.6/site-packages/redis/client.py", line 2879, in execute
    return execute(conn, stack, raise_on_error)
  File "/cm/shared/languages/Anaconda3-5.0.1-PHYS015202/lib/python3.6/site-packages/redis/client.py", line 2749, in _execute_transaction
    connection.send_packed_command(all_cmds)
  File "/cm/shared/languages/Anaconda3-5.0.1-PHYS015202/lib/python3.6/site-packages/redis/connection.py", line 585, in send_packed_command
    self.connect()
  File "/cm/shared/languages/Anaconda3-5.0.1-PHYS015202/lib/python3.6/site-packages/redis/connection.py", line 489, in connect
    raise ConnectionError(self._error_message(e))
redis.exceptions.ConnectionError: Error 111 connecting to node35-010:6310. Connection refused.

During handling of the above exception, another exception occurred:

Traceback (most recent call last):
  File "/cm/shared/languages/Anaconda3-5.0.1-PHYS015202/lib/python3.6/site-packages/redis/connection.py", line 484, in connect
    sock = self._connect()
  File "/cm/shared/languages/Anaconda3-5.0.1-PHYS015202/lib/python3.6/site-packages/redis/connection.py", line 541, in _connect
    raise err
  File "/cm/shared/languages/Anaconda3-5.0.1-PHYS015202/lib/python3.6/site-packages/redis/connection.py", line 529, in _connect
    sock.connect(socket_address)
ConnectionRefusedError: [Errno 111] Connection refused

During handling of the above exception, another exception occurred:

Traceback (most recent call last):
  File "/cm/shared/languages/Anaconda3-5.0.1-PHYS015202/lib/python3.6/site-packages/rq/cli/cli.py", line 231, in worker
    worker.work(burst=burst)
  File "/cm/shared/languages/Anaconda3-5.0.1-PHYS015202/lib/python3.6/site-packages/rq/worker.py", line 483, in work
    self.register_death()
  File "/cm/shared/languages/Anaconda3-5.0.1-PHYS015202/lib/python3.6/site-packages/rq/worker.py", line 282, in register_death
    p.execute()
  File "/cm/shared/languages/Anaconda3-5.0.1-PHYS015202/lib/python3.6/site-packages/redis/client.py", line 2894, in execute
    return execute(conn, stack, raise_on_error)
  File "/cm/shared/languages/Anaconda3-5.0.1-PHYS015202/lib/python3.6/site-packages/redis/client.py", line 2749, in _execute_transaction
    connection.send_packed_command(all_cmds)
  File "/cm/shared/languages/Anaconda3-5.0.1-PHYS015202/lib/python3.6/site-packages/redis/connection.py", line 585, in send_packed_command
    self.connect()
  File "/cm/shared/languages/Anaconda3-5.0.1-PHYS015202/lib/python3.6/site-packages/redis/connection.py", line 489, in connect
    raise ConnectionError(self._error_message(e))
redis.exceptions.ConnectionError: Error 111 connecting to node35-010:6310. Connection refused.

During handling of the above exception, another exception occurred:

Traceback (most recent call last):
  File "/cm/shared/languages/Anaconda3-5.0.1-PHYS015202/lib/python3.6/site-packages/click/core.py", line 535, in invoke
    return callback(*args, **kwargs)
  File "/cm/shared/languages/Anaconda3-5.0.1-PHYS015202/lib/python3.6/site-packages/rq/cli/cli.py", line 234, in worker
    sys.exit(1)
SystemExit: 1

During handling of the above exception, another exception occurred:

Traceback (most recent call last):
  File "/cm/shared/languages/Anaconda3-5.0.1-PHYS015202/bin/rq", line 6, in <module>
    sys.exit(rq.cli.main())
  File "/cm/shared/languages/Anaconda3-5.0.1-PHYS015202/lib/python3.6/site-packages/click/core.py", line 722, in __call__
    return self.main(*args, **kwargs)
  File "/cm/shared/languages/Anaconda3-5.0.1-PHYS015202/lib/python3.6/site-packages/click/core.py", line 697, in main
    rv = self.invoke(ctx)
  File "/cm/shared/languages/Anaconda3-5.0.1-PHYS015202/lib/python3.6/site-packages/click/core.py", line 1066, in invoke
    return _process_result(sub_ctx.command.invoke(sub_ctx))
  File "/cm/shared/languages/Anaconda3-5.0.1-PHYS015202/lib/python3.6/site-packages/click/core.py", line 895, in invoke
    return ctx.invoke(self.callback, **ctx.params)
  File "/cm/shared/languages/Anaconda3-5.0.1-PHYS015202/lib/python3.6/site-packages/click/core.py", line 535, in invoke
    return callback(*args, **kwargs)
  File "/cm/shared/languages/Anaconda3-5.0.1-PHYS015202/lib/python3.6/site-packages/rq/cli/cli.py", line 73, in wrapper
    return ctx.invoke(func, cli_config, *args[1:], **kwargs)
  File "/cm/shared/languages/Anaconda3-5.0.1-PHYS015202/lib/python3.6/site-packages/click/core.py", line 535, in invoke
    return callback(*args, **kwargs)
  File "/cm/shared/languages/Anaconda3-5.0.1-PHYS015202/lib/python3.6/site-packages/rq/worker.py", line 408, in request_stop
    raise StopRequested()
rq.worker.StopRequested
Traceback (most recent call last):
  File "/cm/shared/languages/Anaconda3-5.0.1-PHYS015202/lib/python3.6/site-packages/redis/connection.py", line 177, in _read_from_socket
    raise socket.error(SERVER_CLOSED_CONNECTION_ERROR)
OSError: Connection closed by server.

During handling of the above exception, another exception occurred:

Traceback (most recent call last):
  File "/cm/shared/languages/Anaconda3-5.0.1-PHYS015202/lib/python3.6/site-packages/redis/client.py", line 668, in execute_command
    return self.parse_response(connection, command_name, **options)
  File "/cm/shared/languages/Anaconda3-5.0.1-PHYS015202/lib/python3.6/site-packages/redis/client.py", line 680, in parse_response
    response = connection.read_response()
  File "/cm/shared/languages/Anaconda3-5.0.1-PHYS015202/lib/python3.6/site-packages/redis/connection.py", line 624, in read_response
    response = self._parser.read_response()
  File "/cm/shared/languages/Anaconda3-5.0.1-PHYS015202/lib/python3.6/site-packages/redis/connection.py", line 284, in read_response
    response = self._buffer.readline()
  File "/cm/shared/languages/Anaconda3-5.0.1-PHYS015202/lib/python3.6/site-packages/redis/connection.py", line 216, in readline
    self._read_from_socket()
  File "/cm/shared/languages/Anaconda3-5.0.1-PHYS015202/lib/python3.6/site-packages/redis/connection.py", line 191, in _read_from_socket
    (e.args,))
redis.exceptions.ConnectionError: Error while reading from socket: ('Connection closed by server.',)

During handling of the above exception, another exception occurred:

Traceback (most recent call last):
  File "/cm/shared/languages/Anaconda3-5.0.1-PHYS015202/lib/python3.6/site-packages/redis/connection.py", line 484, in connect
    sock = self._connect()
  File "/cm/shared/languages/Anaconda3-5.0.1-PHYS015202/lib/python3.6/site-packages/redis/connection.py", line 541, in _connect
    raise err
  File "/cm/shared/languages/Anaconda3-5.0.1-PHYS015202/lib/python3.6/site-packages/redis/connection.py", line 529, in _connect
    sock.connect(socket_address)
ConnectionRefusedError: [Errno 111] Connection refused

During handling of the above exception, another exception occurred:

Traceback (most recent call last):
  File "/cm/shared/languages/Anaconda3-5.0.1-PHYS015202/lib/python3.6/site-packages/rq/worker.py", line 467, in work
    result = self.dequeue_job_and_maintain_ttl(timeout)
  File "/cm/shared/languages/Anaconda3-5.0.1-PHYS015202/lib/python3.6/site-packages/rq/worker.py", line 501, in dequeue_job_and_maintain_ttl
    job_class=self.job_class)
  File "/cm/shared/languages/Anaconda3-5.0.1-PHYS015202/lib/python3.6/site-packages/rq/queue.py", line 437, in dequeue_any
    result = cls.lpop(queue_keys, timeout, connection=connection)
  File "/cm/shared/languages/Anaconda3-5.0.1-PHYS015202/lib/python3.6/site-packages/rq/queue.py", line 387, in lpop
    result = connection.blpop(queue_keys, timeout)
  File "/cm/shared/languages/Anaconda3-5.0.1-PHYS015202/lib/python3.6/site-packages/redis/client.py", line 1269, in blpop
    return self.execute_command('BLPOP', *keys)
  File "/cm/shared/languages/Anaconda3-5.0.1-PHYS015202/lib/python3.6/site-packages/redis/client.py", line 673, in execute_command
    connection.send_command(*args)
  File "/cm/shared/languages/Anaconda3-5.0.1-PHYS015202/lib/python3.6/site-packages/redis/connection.py", line 610, in send_command
    self.send_packed_command(self.pack_command(*args))
  File "/cm/shared/languages/Anaconda3-5.0.1-PHYS015202/lib/python3.6/site-packages/redis/connection.py", line 585, in send_packed_command
    self.connect()
  File "/cm/shared/languages/Anaconda3-5.0.1-PHYS015202/lib/python3.6/site-packages/redis/connection.py", line 489, in connect
    raise ConnectionError(self._error_message(e))
redis.exceptions.ConnectionError: Error 111 connecting to node35-010:6310. Connection refused.

During handling of the above exception, another exception occurred:

Traceback (most recent call last):
  File "/cm/shared/languages/Anaconda3-5.0.1-PHYS015202/bin/rq", line 6, in <module>
    sys.exit(rq.cli.main())
  File "/cm/shared/languages/Anaconda3-5.0.1-PHYS015202/lib/python3.6/site-packages/click/core.py", line 722, in __call__
    return self.main(*args, **kwargs)
  File "/cm/shared/languages/Anaconda3-5.0.1-PHYS015202/lib/python3.6/site-packages/click/core.py", line 697, in main
    rv = self.invoke(ctx)
  File "/cm/shared/languages/Anaconda3-5.0.1-PHYS015202/lib/python3.6/site-packages/click/core.py", line 1066, in invoke
    return _process_result(sub_ctx.command.invoke(sub_ctx))
  File "/cm/shared/languages/Anaconda3-5.0.1-PHYS015202/lib/python3.6/site-packages/click/core.py", line 895, in invoke
    return ctx.invoke(self.callback, **ctx.params)
  File "/cm/shared/languages/Anaconda3-5.0.1-PHYS015202/lib/python3.6/site-packages/click/core.py", line 535, in invoke
    return callback(*args, **kwargs)
  File "/cm/shared/languages/Anaconda3-5.0.1-PHYS015202/lib/python3.6/site-packages/rq/cli/cli.py", line 73, in wrapper
    return ctx.invoke(func, cli_config, *args[1:], **kwargs)
  File "/cm/shared/languages/Anaconda3-5.0.1-PHYS015202/lib/python3.6/site-packages/click/core.py", line 535, in invoke
    return callback(*args, **kwargs)
  File "/cm/shared/languages/Anaconda3-5.0.1-PHYS015202/lib/python3.6/site-packages/rq/cli/cli.py", line 231, in worker
    worker.work(burst=burst)
  File "/cm/shared/languages/Anaconda3-5.0.1-PHYS015202/lib/python3.6/site-packages/rq/worker.py", line 483, in work
    self.register_death()
  File "/cm/shared/languages/Anaconda3-5.0.1-PHYS015202/lib/python3.6/site-packages/rq/worker.py", line 282, in register_death
    p.execute()
  File "/cm/shared/languages/Anaconda3-5.0.1-PHYS015202/lib/python3.6/site-packages/redis/client.py", line 2860, in execute
    stack = self.command_stack
  File "/cm/shared/languages/Anaconda3-5.0.1-PHYS015202/lib/python3.6/site-packages/rq/worker.py", line 408, in request_stop
    raise StopRequested()
rq.worker.StopRequested
